2020-03-25 09:53:41.057  INFO 18408 --- [restartedMain] c.c.c.ConfigServicePropertySourceLocator : Fetching config from server at : http://localhost:8888
2020-03-25 09:53:43.245  INFO 18408 --- [restartedMain] c.c.c.ConfigServicePropertySourceLocator : Connect Timeout Exception on Url - http://localhost:8888. Will be trying the next url if available
2020-03-25 09:53:43.246  WARN 18408 --- [restartedMain] c.c.c.ConfigServicePropertySourceLocator : Could not locate PropertySource: I/O error on GET request for "http://localhost:8888/albums-ws/default": Connection refused: connect; nested exception is java.net.ConnectException: Connection refused: connect
2020-03-25 09:53:43.248  INFO 18408 --- [restartedMain] c.a.p.a.a.PhotoAppApiAlbumsApplication   : No active profile set, falling back to default profiles: default
2020-03-25 09:53:45.324  WARN 18408 --- [restartedMain] o.s.boot.actuate.endpoint.EndpointId     : Endpoint ID 'service-registry' contains invalid characters, please migrate to a valid format.
2020-03-25 09:53:45.988  INFO 18408 --- [restartedMain] o.s.cloud.context.scope.GenericScope     : BeanFactory id=14f2c84d-4279-34f4-b730-1deb2e858fae
2020-03-25 09:53:46.345  INFO 18408 --- [restartedMain] trationDelegate$BeanPostProcessorChecker : Bean 'org.springframework.cloud.autoconfigure.ConfigurationPropertiesRebinderAutoConfiguration' of type [org.springframework.cloud.autoconfigure.ConfigurationPropertiesRebinderAutoConfiguration$$EnhancerBySpringCGLIB$$a254bca4] is not eligible for getting processed by all BeanPostProcessors (for example: not eligible for auto-proxying)
2020-03-25 09:53:49.403  INFO 18408 --- [restartedMain] o.s.b.w.embedded.tomcat.TomcatWebServer  : Tomcat initialized with port(s): 0 (http)
2020-03-25 09:53:49.460  INFO 18408 --- [restartedMain] o.apache.catalina.core.StandardService   : Starting service [Tomcat]
2020-03-25 09:53:49.462  INFO 18408 --- [restartedMain] org.apache.catalina.core.StandardEngine  : Starting Servlet engine: [Apache Tomcat/9.0.14]
2020-03-25 09:53:49.488  INFO 18408 --- [restartedMain] o.a.catalina.core.AprLifecycleListener   : The APR based Apache Tomcat Native library which allows optimal performance in production environments was not found on the java.library.path: [C:\Program Files\Java\jdk1.8.0_221\bin;C:\WINDOWS\Sun\Java\bin;C:\WINDOWS\system32;C:\WINDOWS;C:/Program Files/Java/jre1.8.0_231/bin/server;C:/Program Files/Java/jre1.8.0_231/bin;C:/Program Files/Java/jre1.8.0_231/lib/amd64;C:\ProgramData\DockerDesktop\version-bin;C:\Program Files\Docker\Docker\Resources\bin;C:\Program Files (x86)\Common Files\Oracle\Java\javapath;C:\WINDOWS\system32;C:\WINDOWS;C:\WINDOWS\System32\Wbem;C:\WINDOWS\System32\WindowsPowerShell\v1.0\;C:\WINDOWS\System32\OpenSSH\;C:\Program Files\nodejs\;C:\Program Files\Git\cmd;C:\Program Files\PuTTY\;C:\Program Files\Cloud Foundry;C:\xampp\php;C:\ProgramData\ComposerSetup\bin;c:\dev\anypoint;C:\Program Files\Java\jdk-11.0.3\bin;C:\Users\Luba\AppData\Local\Microsoft\WindowsApps;C:\Users\Luba\AppData\Roaming\npm;C:\Users\Luba\AppData\Local\Programs\Microsoft VS Code\bin;C:\Users\Luba\AppData\Local\atom\bin;C:\Users\Luba\AppData\Roaming\Composer\vendor\bin;C:\Users\Luba\Desktop;;.]
2020-03-25 09:53:49.812  INFO 18408 --- [restartedMain] o.a.c.c.C.[Tomcat].[localhost].[/]       : Initializing Spring embedded WebApplicationContext
2020-03-25 09:53:49.813  INFO 18408 --- [restartedMain] o.s.web.context.ContextLoader            : Root WebApplicationContext: initialization completed in 6552 ms
2020-03-25 09:53:50.096  WARN 18408 --- [restartedMain] c.n.c.sources.URLConfigurationSource     : No URLs will be polled as dynamic configuration sources.
2020-03-25 09:53:50.097  INFO 18408 --- [restartedMain] c.n.c.sources.URLConfigurationSource     : To enable URLs as dynamic configuration sources, define System property archaius.configurationSource.additionalUrls or make config.properties available on classpath.
2020-03-25 09:53:50.135  INFO 18408 --- [restartedMain] c.netflix.config.DynamicPropertyFactory  : DynamicPropertyFactory is initialized with configuration sources: com.netflix.config.ConcurrentCompositeConfiguration@291e8045
2020-03-25 09:53:53.149  WARN 18408 --- [restartedMain] c.n.c.sources.URLConfigurationSource     : No URLs will be polled as dynamic configuration sources.
2020-03-25 09:53:53.150  INFO 18408 --- [restartedMain] c.n.c.sources.URLConfigurationSource     : To enable URLs as dynamic configuration sources, define System property archaius.configurationSource.additionalUrls or make config.properties available on classpath.
2020-03-25 09:53:53.494  INFO 18408 --- [restartedMain] o.s.s.concurrent.ThreadPoolTaskExecutor  : Initializing ExecutorService 'applicationTaskExecutor'
2020-03-25 09:53:54.611  WARN 18408 --- [restartedMain] o.s.b.d.a.OptionalLiveReloadServer       : Unable to start LiveReload server
2020-03-25 09:53:57.059  INFO 18408 --- [restartedMain] o.s.b.a.e.web.EndpointLinksResolver      : Exposing 2 endpoint(s) beneath base path '/actuator'
2020-03-25 09:53:57.301  INFO 18408 --- [restartedMain] o.s.b.w.embedded.tomcat.TomcatWebServer  : Tomcat started on port(s): 52564 (http) with context path ''
2020-03-25 09:53:57.303  INFO 18408 --- [restartedMain] .s.c.n.e.s.EurekaAutoServiceRegistration : Updating port to 52564
2020-03-25 09:53:57.318  INFO 18408 --- [restartedMain] o.s.c.n.eureka.InstanceInfoFactory       : Setting initial instance status as: STARTING
2020-03-25 09:53:57.436  INFO 18408 --- [restartedMain] com.netflix.discovery.DiscoveryClient    : Initializing Eureka in region us-east-1
2020-03-25 09:53:59.154  INFO 18408 --- [restartedMain] c.n.d.provider.DiscoveryJerseyProvider   : Using JSON encoding codec LegacyJacksonJson
2020-03-25 09:53:59.155  INFO 18408 --- [restartedMain] c.n.d.provider.DiscoveryJerseyProvider   : Using JSON decoding codec LegacyJacksonJson
2020-03-25 09:53:59.510  INFO 18408 --- [restartedMain] c.n.d.provider.DiscoveryJerseyProvider   : Using XML encoding codec XStreamXml
2020-03-25 09:53:59.510  INFO 18408 --- [restartedMain] c.n.d.provider.DiscoveryJerseyProvider   : Using XML decoding codec XStreamXml
2020-03-25 09:54:00.075  INFO 18408 --- [restartedMain] c.n.d.s.r.aws.ConfigClusterResolver      : Resolving eureka endpoints via configuration
2020-03-25 09:54:01.576  INFO 18408 --- [restartedMain] com.netflix.discovery.DiscoveryClient    : Disable delta property : false
2020-03-25 09:54:01.577  INFO 18408 --- [restartedMain] com.netflix.discovery.DiscoveryClient    : Single vip registry refresh property : null
2020-03-25 09:54:01.578  INFO 18408 --- [restartedMain] com.netflix.discovery.DiscoveryClient    : Force full registry fetch : false
2020-03-25 09:54:01.578  INFO 18408 --- [restartedMain] com.netflix.discovery.DiscoveryClient    : Application is null : false
2020-03-25 09:54:01.579  INFO 18408 --- [restartedMain] com.netflix.discovery.DiscoveryClient    : Registered Applications size is zero : true
2020-03-25 09:54:01.579  INFO 18408 --- [restartedMain] com.netflix.discovery.DiscoveryClient    : Application version is -1: true
2020-03-25 09:54:01.580  INFO 18408 --- [restartedMain] com.netflix.discovery.DiscoveryClient    : Getting all instance registry info from the eureka server
2020-03-25 09:54:02.076  INFO 18408 --- [restartedMain] com.netflix.discovery.DiscoveryClient    : The response status is 200
2020-03-25 09:54:02.082  INFO 18408 --- [restartedMain] com.netflix.discovery.DiscoveryClient    : Starting heartbeat executor: renew interval is: 30
2020-03-25 09:54:02.089  INFO 18408 --- [restartedMain] c.n.discovery.InstanceInfoReplicator     : InstanceInfoReplicator onDemand update allowed rate per min is 4
2020-03-25 09:54:02.098  INFO 18408 --- [restartedMain] com.netflix.discovery.DiscoveryClient    : Discovery Client initialized at timestamp 1585122842095 with initial instances count: 1
2020-03-25 09:54:02.101  INFO 18408 --- [restartedMain] o.s.c.n.e.s.EurekaServiceRegistry        : Registering application ALBUMS-WS with eureka with status UP
2020-03-25 09:54:02.103  INFO 18408 --- [restartedMain] com.netflix.discovery.DiscoveryClient    : Saw local status change event StatusChangeEvent [timestamp=1585122842103, current=UP, previous=STARTING]
2020-03-25 09:54:02.109  INFO 18408 --- [DiscoveryClient-InstanceInfoReplicator-0] com.netflix.discovery.DiscoveryClient    : DiscoveryClient_ALBUMS-WS/albums-ws:5d642b5f83969916de52ed3254e34c65: registering service...
2020-03-25 09:54:02.116  INFO 18408 --- [restartedMain] c.a.p.a.a.PhotoAppApiAlbumsApplication   : Started PhotoAppApiAlbumsApplication in 27.092 seconds (JVM running for 28.466)
2020-03-25 09:54:02.193  INFO 18408 --- [DiscoveryClient-InstanceInfoReplicator-0] com.netflix.discovery.DiscoveryClient    : DiscoveryClient_ALBUMS-WS/albums-ws:5d642b5f83969916de52ed3254e34c65 - registration status: 204
2020-03-25 09:59:01.622  INFO 18408 --- [AsyncResolver-bootstrap-executor-0] c.n.d.s.r.aws.ConfigClusterResolver      : Resolving eureka endpoints via configuration
2020-03-25 10:04:01.658  INFO 18408 --- [AsyncResolver-bootstrap-executor-0] c.n.d.s.r.aws.ConfigClusterResolver      : Resolving eureka endpoints via configuration
2020-03-25 10:09:01.663  INFO 18408 --- [AsyncResolver-bootstrap-executor-0] c.n.d.s.r.aws.ConfigClusterResolver      : Resolving eureka endpoints via configuration
2020-03-25 10:14:01.672  INFO 18408 --- [AsyncResolver-bootstrap-executor-0] c.n.d.s.r.aws.ConfigClusterResolver      : Resolving eureka endpoints via configuration
2020-03-25 10:19:01.679  INFO 18408 --- [AsyncResolver-bootstrap-executor-0] c.n.d.s.r.aws.ConfigClusterResolver      : Resolving eureka endpoints via configuration
2020-03-25 10:24:01.689  INFO 18408 --- [AsyncResolver-bootstrap-executor-0] c.n.d.s.r.aws.ConfigClusterResolver      : Resolving eureka endpoints via configuration
2020-03-25 10:29:01.697  INFO 18408 --- [AsyncResolver-bootstrap-executor-0] c.n.d.s.r.aws.ConfigClusterResolver      : Resolving eureka endpoints via configuration
2020-03-25 10:34:01.706  INFO 18408 --- [AsyncResolver-bootstrap-executor-0] c.n.d.s.r.aws.ConfigClusterResolver      : Resolving eureka endpoints via configuration
2020-03-25 10:39:01.712  INFO 18408 --- [AsyncResolver-bootstrap-executor-0] c.n.d.s.r.aws.ConfigClusterResolver      : Resolving eureka endpoints via configuration
2020-03-25 10:44:01.721  INFO 18408 --- [AsyncResolver-bootstrap-executor-0] c.n.d.s.r.aws.ConfigClusterResolver      : Resolving eureka endpoints via configuration
2020-03-25 10:49:01.724  INFO 18408 --- [AsyncResolver-bootstrap-executor-0] c.n.d.s.r.aws.ConfigClusterResolver      : Resolving eureka endpoints via configuration
2020-03-25 10:54:01.735  INFO 18408 --- [AsyncResolver-bootstrap-executor-0] c.n.d.s.r.aws.ConfigClusterResolver      : Resolving eureka endpoints via configuration
2020-03-25 10:59:01.738  INFO 18408 --- [AsyncResolver-bootstrap-executor-0] c.n.d.s.r.aws.ConfigClusterResolver      : Resolving eureka endpoints via configuration
2020-03-25 11:04:01.740  INFO 18408 --- [AsyncResolver-bootstrap-executor-0] c.n.d.s.r.aws.ConfigClusterResolver      : Resolving eureka endpoints via configuration
2020-03-25 11:09:01.748  INFO 18408 --- [AsyncResolver-bootstrap-executor-0] c.n.d.s.r.aws.ConfigClusterResolver      : Resolving eureka endpoints via configuration
2020-03-25 11:14:01.756  INFO 18408 --- [AsyncResolver-bootstrap-executor-0] c.n.d.s.r.aws.ConfigClusterResolver      : Resolving eureka endpoints via configuration
2020-03-25 11:19:01.760  INFO 18408 --- [AsyncResolver-bootstrap-executor-0] c.n.d.s.r.aws.ConfigClusterResolver      : Resolving eureka endpoints via configuration
2020-03-25 11:24:01.763  INFO 18408 --- [AsyncResolver-bootstrap-executor-0] c.n.d.s.r.aws.ConfigClusterResolver      : Resolving eureka endpoints via configuration
2020-03-25 11:29:01.765  INFO 18408 --- [AsyncResolver-bootstrap-executor-0] c.n.d.s.r.aws.ConfigClusterResolver      : Resolving eureka endpoints via configuration
2020-03-25 11:34:01.772  INFO 18408 --- [AsyncResolver-bootstrap-executor-0] c.n.d.s.r.aws.ConfigClusterResolver      : Resolving eureka endpoints via configuration
2020-03-25 11:39:01.776  INFO 18408 --- [AsyncResolver-bootstrap-executor-0] c.n.d.s.r.aws.ConfigClusterResolver      : Resolving eureka endpoints via configuration
2020-03-25 11:44:01.777  INFO 18408 --- [AsyncResolver-bootstrap-executor-0] c.n.d.s.r.aws.ConfigClusterResolver      : Resolving eureka endpoints via configuration
2020-03-25 11:49:01.781  INFO 18408 --- [AsyncResolver-bootstrap-executor-0] c.n.d.s.r.aws.ConfigClusterResolver      : Resolving eureka endpoints via configuration
2020-03-25 11:54:01.795  INFO 18408 --- [AsyncResolver-bootstrap-executor-0] c.n.d.s.r.aws.ConfigClusterResolver      : Resolving eureka endpoints via configuration
2020-03-25 11:59:01.798  INFO 18408 --- [AsyncResolver-bootstrap-executor-0] c.n.d.s.r.aws.ConfigClusterResolver      : Resolving eureka endpoints via configuration
2020-03-25 12:04:01.805  INFO 18408 --- [AsyncResolver-bootstrap-executor-0] c.n.d.s.r.aws.ConfigClusterResolver      : Resolving eureka endpoints via configuration
2020-03-25 12:09:01.808  INFO 18408 --- [AsyncResolver-bootstrap-executor-0] c.n.d.s.r.aws.ConfigClusterResolver      : Resolving eureka endpoints via configuration
2020-03-25 12:14:01.817  INFO 18408 --- [AsyncResolver-bootstrap-executor-0] c.n.d.s.r.aws.ConfigClusterResolver      : Resolving eureka endpoints via configuration
2020-03-25 12:19:01.825  INFO 18408 --- [AsyncResolver-bootstrap-executor-0] c.n.d.s.r.aws.ConfigClusterResolver      : Resolving eureka endpoints via configuration
2020-03-25 12:24:01.833  INFO 18408 --- [AsyncResolver-bootstrap-executor-0] c.n.d.s.r.aws.ConfigClusterResolver      : Resolving eureka endpoints via configuration
2020-03-25 12:29:01.836  INFO 18408 --- [AsyncResolver-bootstrap-executor-0] c.n.d.s.r.aws.ConfigClusterResolver      : Resolving eureka endpoints via configuration
2020-03-25 12:34:01.840  INFO 18408 --- [AsyncResolver-bootstrap-executor-0] c.n.d.s.r.aws.ConfigClusterResolver      : Resolving eureka endpoints via configuration
2020-03-25 12:39:01.846  INFO 18408 --- [AsyncResolver-bootstrap-executor-0] c.n.d.s.r.aws.ConfigClusterResolver      : Resolving eureka endpoints via configuration
2020-03-25 12:44:01.853  INFO 18408 --- [AsyncResolver-bootstrap-executor-0] c.n.d.s.r.aws.ConfigClusterResolver      : Resolving eureka endpoints via configuration
2020-03-25 12:49:01.856  INFO 18408 --- [AsyncResolver-bootstrap-executor-0] c.n.d.s.r.aws.ConfigClusterResolver      : Resolving eureka endpoints via configuration
2020-03-25 12:54:01.861  INFO 18408 --- [AsyncResolver-bootstrap-executor-0] c.n.d.s.r.aws.ConfigClusterResolver      : Resolving eureka endpoints via configuration
2020-03-25 12:59:01.863  INFO 18408 --- [AsyncResolver-bootstrap-executor-0] c.n.d.s.r.aws.ConfigClusterResolver      : Resolving eureka endpoints via configuration
2020-03-25 13:04:01.865  INFO 18408 --- [AsyncResolver-bootstrap-executor-0] c.n.d.s.r.aws.ConfigClusterResolver      : Resolving eureka endpoints via configuration
2020-03-25 13:09:01.868  INFO 18408 --- [AsyncResolver-bootstrap-executor-0] c.n.d.s.r.aws.ConfigClusterResolver      : Resolving eureka endpoints via configuration
2020-03-25 13:14:01.869  INFO 18408 --- [AsyncResolver-bootstrap-executor-0] c.n.d.s.r.aws.ConfigClusterResolver      : Resolving eureka endpoints via configuration
2020-03-25 13:19:01.871  INFO 18408 --- [AsyncResolver-bootstrap-executor-0] c.n.d.s.r.aws.ConfigClusterResolver      : Resolving eureka endpoints via configuration
2020-03-25 13:24:01.873  INFO 18408 --- [AsyncResolver-bootstrap-executor-0] c.n.d.s.r.aws.ConfigClusterResolver      : Resolving eureka endpoints via configuration
2020-03-25 13:29:01.876  INFO 18408 --- [AsyncResolver-bootstrap-executor-0] c.n.d.s.r.aws.ConfigClusterResolver      : Resolving eureka endpoints via configuration
2020-03-25 13:34:01.879  INFO 18408 --- [AsyncResolver-bootstrap-executor-0] c.n.d.s.r.aws.ConfigClusterResolver      : Resolving eureka endpoints via configuration
2020-03-25 13:39:01.883  INFO 18408 --- [AsyncResolver-bootstrap-executor-0] c.n.d.s.r.aws.ConfigClusterResolver      : Resolving eureka endpoints via configuration
2020-03-25 13:44:01.885  INFO 18408 --- [AsyncResolver-bootstrap-executor-0] c.n.d.s.r.aws.ConfigClusterResolver      : Resolving eureka endpoints via configuration
2020-03-25 13:49:01.897  INFO 18408 --- [AsyncResolver-bootstrap-executor-0] c.n.d.s.r.aws.ConfigClusterResolver      : Resolving eureka endpoints via configuration
2020-03-25 13:54:01.899  INFO 18408 --- [AsyncResolver-bootstrap-executor-0] c.n.d.s.r.aws.ConfigClusterResolver      : Resolving eureka endpoints via configuration
2020-03-25 13:59:01.906  INFO 18408 --- [AsyncResolver-bootstrap-executor-0] c.n.d.s.r.aws.ConfigClusterResolver      : Resolving eureka endpoints via configuration
2020-03-25 14:04:01.908  INFO 18408 --- [AsyncResolver-bootstrap-executor-0] c.n.d.s.r.aws.ConfigClusterResolver      : Resolving eureka endpoints via configuration
2020-03-25 14:09:01.911  INFO 18408 --- [AsyncResolver-bootstrap-executor-0] c.n.d.s.r.aws.ConfigClusterResolver      : Resolving eureka endpoints via configuration
2020-03-25 14:14:01.914  INFO 18408 --- [AsyncResolver-bootstrap-executor-0] c.n.d.s.r.aws.ConfigClusterResolver      : Resolving eureka endpoints via configuration
2020-03-25 14:19:01.915  INFO 18408 --- [AsyncResolver-bootstrap-executor-0] c.n.d.s.r.aws.ConfigClusterResolver      : Resolving eureka endpoints via configuration
2020-03-25 14:24:01.920  INFO 18408 --- [AsyncResolver-bootstrap-executor-0] c.n.d.s.r.aws.ConfigClusterResolver      : Resolving eureka endpoints via configuration
2020-03-25 14:29:01.922  INFO 18408 --- [AsyncResolver-bootstrap-executor-0] c.n.d.s.r.aws.ConfigClusterResolver      : Resolving eureka endpoints via configuration
2020-03-25 14:34:01.924  INFO 18408 --- [AsyncResolver-bootstrap-executor-0] c.n.d.s.r.aws.ConfigClusterResolver      : Resolving eureka endpoints via configuration
2020-03-25 14:39:01.928  INFO 18408 --- [AsyncResolver-bootstrap-executor-0] c.n.d.s.r.aws.ConfigClusterResolver      : Resolving eureka endpoints via configuration
2020-03-25 14:44:01.936  INFO 18408 --- [AsyncResolver-bootstrap-executor-0] c.n.d.s.r.aws.ConfigClusterResolver      : Resolving eureka endpoints via configuration
2020-03-25 14:49:01.937  INFO 18408 --- [AsyncResolver-bootstrap-executor-0] c.n.d.s.r.aws.ConfigClusterResolver      : Resolving eureka endpoints via configuration
2020-03-25 14:54:01.939  INFO 18408 --- [AsyncResolver-bootstrap-executor-0] c.n.d.s.r.aws.ConfigClusterResolver      : Resolving eureka endpoints via configuration
2020-03-25 14:59:01.946  INFO 18408 --- [AsyncResolver-bootstrap-executor-0] c.n.d.s.r.aws.ConfigClusterResolver      : Resolving eureka endpoints via configuration
2020-03-25 15:04:01.949  INFO 18408 --- [AsyncResolver-bootstrap-executor-0] c.n.d.s.r.aws.ConfigClusterResolver      : Resolving eureka endpoints via configuration
2020-03-25 15:09:01.951  INFO 18408 --- [AsyncResolver-bootstrap-executor-0] c.n.d.s.r.aws.ConfigClusterResolver      : Resolving eureka endpoints via configuration
2020-03-25 15:14:01.952  INFO 18408 --- [AsyncResolver-bootstrap-executor-0] c.n.d.s.r.aws.ConfigClusterResolver      : Resolving eureka endpoints via configuration
2020-03-25 15:19:01.960  INFO 18408 --- [AsyncResolver-bootstrap-executor-0] c.n.d.s.r.aws.ConfigClusterResolver      : Resolving eureka endpoints via configuration
2020-03-25 15:24:01.961  INFO 18408 --- [AsyncResolver-bootstrap-executor-0] c.n.d.s.r.aws.ConfigClusterResolver      : Resolving eureka endpoints via configuration
2020-03-25 15:29:01.963  INFO 18408 --- [AsyncResolver-bootstrap-executor-0] c.n.d.s.r.aws.ConfigClusterResolver      : Resolving eureka endpoints via configuration
2020-03-25 15:34:01.965  INFO 18408 --- [AsyncResolver-bootstrap-executor-0] c.n.d.s.r.aws.ConfigClusterResolver      : Resolving eureka endpoints via configuration
2020-03-25 15:39:01.967  INFO 18408 --- [AsyncResolver-bootstrap-executor-0] c.n.d.s.r.aws.ConfigClusterResolver      : Resolving eureka endpoints via configuration
2020-03-25 15:44:01.979  INFO 18408 --- [AsyncResolver-bootstrap-executor-0] c.n.d.s.r.aws.ConfigClusterResolver      : Resolving eureka endpoints via configuration
2020-03-25 15:49:01.980  INFO 18408 --- [AsyncResolver-bootstrap-executor-0] c.n.d.s.r.aws.ConfigClusterResolver      : Resolving eureka endpoints via configuration
2020-03-25 15:54:01.982  INFO 18408 --- [AsyncResolver-bootstrap-executor-0] c.n.d.s.r.aws.ConfigClusterResolver      : Resolving eureka endpoints via configuration
2020-03-25 15:59:01.983  INFO 18408 --- [AsyncResolver-bootstrap-executor-0] c.n.d.s.r.aws.ConfigClusterResolver      : Resolving eureka endpoints via configuration
2020-03-25 16:04:01.990  INFO 18408 --- [AsyncResolver-bootstrap-executor-0] c.n.d.s.r.aws.ConfigClusterResolver      : Resolving eureka endpoints via configuration
2020-03-25 16:09:01.993  INFO 18408 --- [AsyncResolver-bootstrap-executor-0] c.n.d.s.r.aws.ConfigClusterResolver      : Resolving eureka endpoints via configuration
2020-03-25 16:14:01.995  INFO 18408 --- [AsyncResolver-bootstrap-executor-0] c.n.d.s.r.aws.ConfigClusterResolver      : Resolving eureka endpoints via configuration
2020-03-25 16:19:01.996  INFO 18408 --- [AsyncResolver-bootstrap-executor-0] c.n.d.s.r.aws.ConfigClusterResolver      : Resolving eureka endpoints via configuration
2020-03-25 16:24:02.002  INFO 18408 --- [AsyncResolver-bootstrap-executor-0] c.n.d.s.r.aws.ConfigClusterResolver      : Resolving eureka endpoints via configuration
2020-03-25 16:29:02.003  INFO 18408 --- [AsyncResolver-bootstrap-executor-0] c.n.d.s.r.aws.ConfigClusterResolver      : Resolving eureka endpoints via configuration
2020-03-25 16:34:02.005  INFO 18408 --- [AsyncResolver-bootstrap-executor-0] c.n.d.s.r.aws.ConfigClusterResolver      : Resolving eureka endpoints via configuration
2020-03-25 16:39:02.009  INFO 18408 --- [AsyncResolver-bootstrap-executor-0] c.n.d.s.r.aws.ConfigClusterResolver      : Resolving eureka endpoints via configuration
2020-03-25 16:44:02.035  INFO 18408 --- [AsyncResolver-bootstrap-executor-0] c.n.d.s.r.aws.ConfigClusterResolver      : Resolving eureka endpoints via configuration
2020-03-25 16:49:02.043  INFO 18408 --- [AsyncResolver-bootstrap-executor-0] c.n.d.s.r.aws.ConfigClusterResolver      : Resolving eureka endpoints via configuration
2020-03-25 16:54:02.053  INFO 18408 --- [AsyncResolver-bootstrap-executor-0] c.n.d.s.r.aws.ConfigClusterResolver      : Resolving eureka endpoints via configuration
2020-03-25 16:59:02.077  INFO 18408 --- [AsyncResolver-bootstrap-executor-0] c.n.d.s.r.aws.ConfigClusterResolver      : Resolving eureka endpoints via configuration
2020-03-25 17:08:46.873  INFO 22340 --- [restartedMain] c.c.c.ConfigServicePropertySourceLocator : Fetching config from server at : http://localhost:8888
2020-03-25 17:08:49.055  INFO 22340 --- [restartedMain] c.c.c.ConfigServicePropertySourceLocator : Connect Timeout Exception on Url - http://localhost:8888. Will be trying the next url if available
2020-03-25 17:08:49.056  WARN 22340 --- [restartedMain] c.c.c.ConfigServicePropertySourceLocator : Could not locate PropertySource: I/O error on GET request for "http://localhost:8888/albums-ws/default": Connection refused: connect; nested exception is java.net.ConnectException: Connection refused: connect
2020-03-25 17:08:49.064  INFO 22340 --- [restartedMain] c.a.p.a.a.PhotoAppApiAlbumsApplication   : No active profile set, falling back to default profiles: default
2020-03-25 17:08:50.439  WARN 22340 --- [restartedMain] o.s.boot.actuate.endpoint.EndpointId     : Endpoint ID 'service-registry' contains invalid characters, please migrate to a valid format.
2020-03-25 17:08:51.015  INFO 22340 --- [restartedMain] o.s.cloud.context.scope.GenericScope     : BeanFactory id=14f2c84d-4279-34f4-b730-1deb2e858fae
2020-03-25 17:08:51.305  INFO 22340 --- [restartedMain] trationDelegate$BeanPostProcessorChecker : Bean 'org.springframework.cloud.autoconfigure.ConfigurationPropertiesRebinderAutoConfiguration' of type [org.springframework.cloud.autoconfigure.ConfigurationPropertiesRebinderAutoConfiguration$$EnhancerBySpringCGLIB$$e1e9a9da] is not eligible for getting processed by all BeanPostProcessors (for example: not eligible for auto-proxying)
2020-03-25 17:08:53.570  INFO 22340 --- [restartedMain] o.s.b.w.embedded.tomcat.TomcatWebServer  : Tomcat initialized with port(s): 0 (http)
2020-03-25 17:08:53.625  INFO 22340 --- [restartedMain] o.apache.catalina.core.StandardService   : Starting service [Tomcat]
2020-03-25 17:08:53.626  INFO 22340 --- [restartedMain] org.apache.catalina.core.StandardEngine  : Starting Servlet engine: [Apache Tomcat/9.0.14]
2020-03-25 17:08:53.649  INFO 22340 --- [restartedMain] o.a.catalina.core.AprLifecycleListener   : The APR based Apache Tomcat Native library which allows optimal performance in production environments was not found on the java.library.path: [C:\Program Files\Java\jdk1.8.0_221\bin;C:\WINDOWS\Sun\Java\bin;C:\WINDOWS\system32;C:\WINDOWS;C:/Program Files/Java/jre1.8.0_231/bin/server;C:/Program Files/Java/jre1.8.0_231/bin;C:/Program Files/Java/jre1.8.0_231/lib/amd64;C:\ProgramData\DockerDesktop\version-bin;C:\Program Files\Docker\Docker\Resources\bin;C:\Program Files (x86)\Common Files\Oracle\Java\javapath;C:\WINDOWS\system32;C:\WINDOWS;C:\WINDOWS\System32\Wbem;C:\WINDOWS\System32\WindowsPowerShell\v1.0\;C:\WINDOWS\System32\OpenSSH\;C:\Program Files\nodejs\;C:\Program Files\Git\cmd;C:\Program Files\PuTTY\;C:\Program Files\Cloud Foundry;C:\xampp\php;C:\ProgramData\ComposerSetup\bin;c:\dev\anypoint;C:\Program Files\Java\jdk-11.0.3\bin;C:\Users\Luba\AppData\Local\Microsoft\WindowsApps;C:\Users\Luba\AppData\Roaming\npm;C:\Users\Luba\AppData\Local\Programs\Microsoft VS Code\bin;C:\Users\Luba\AppData\Local\atom\bin;C:\Users\Luba\AppData\Roaming\Composer\vendor\bin;C:\Users\Luba\Desktop;;.]
2020-03-25 17:08:53.920  INFO 22340 --- [restartedMain] o.a.c.c.C.[Tomcat].[localhost].[/]       : Initializing Spring embedded WebApplicationContext
2020-03-25 17:08:53.921  INFO 22340 --- [restartedMain] o.s.web.context.ContextLoader            : Root WebApplicationContext: initialization completed in 4824 ms
2020-03-25 17:08:54.130  WARN 22340 --- [restartedMain] c.n.c.sources.URLConfigurationSource     : No URLs will be polled as dynamic configuration sources.
2020-03-25 17:08:54.130  INFO 22340 --- [restartedMain] c.n.c.sources.URLConfigurationSource     : To enable URLs as dynamic configuration sources, define System property archaius.configurationSource.additionalUrls or make config.properties available on classpath.
2020-03-25 17:08:54.165  INFO 22340 --- [restartedMain] c.netflix.config.DynamicPropertyFactory  : DynamicPropertyFactory is initialized with configuration sources: com.netflix.config.ConcurrentCompositeConfiguration@77ff6861
2020-03-25 17:08:56.000  WARN 22340 --- [restartedMain] c.n.c.sources.URLConfigurationSource     : No URLs will be polled as dynamic configuration sources.
2020-03-25 17:08:56.001  INFO 22340 --- [restartedMain] c.n.c.sources.URLConfigurationSource     : To enable URLs as dynamic configuration sources, define System property archaius.configurationSource.additionalUrls or make config.properties available on classpath.
2020-03-25 17:08:56.386  INFO 22340 --- [restartedMain] o.s.s.concurrent.ThreadPoolTaskExecutor  : Initializing ExecutorService 'applicationTaskExecutor'
2020-03-25 17:08:57.224  WARN 22340 --- [restartedMain] o.s.b.d.a.OptionalLiveReloadServer       : Unable to start LiveReload server
2020-03-25 17:08:58.706  INFO 22340 --- [restartedMain] o.s.b.a.e.web.EndpointLinksResolver      : Exposing 2 endpoint(s) beneath base path '/actuator'
2020-03-25 17:08:58.923  INFO 22340 --- [restartedMain] o.s.b.w.embedded.tomcat.TomcatWebServer  : Tomcat started on port(s): 55911 (http) with context path ''
2020-03-25 17:08:58.925  INFO 22340 --- [restartedMain] .s.c.n.e.s.EurekaAutoServiceRegistration : Updating port to 55911
2020-03-25 17:08:58.940  INFO 22340 --- [restartedMain] o.s.c.n.eureka.InstanceInfoFactory       : Setting initial instance status as: STARTING
2020-03-25 17:08:59.038  INFO 22340 --- [restartedMain] com.netflix.discovery.DiscoveryClient    : Initializing Eureka in region us-east-1
2020-03-25 17:09:00.236  INFO 22340 --- [restartedMain] c.n.d.provider.DiscoveryJerseyProvider   : Using JSON encoding codec LegacyJacksonJson
2020-03-25 17:09:00.236  INFO 22340 --- [restartedMain] c.n.d.provider.DiscoveryJerseyProvider   : Using JSON decoding codec LegacyJacksonJson
2020-03-25 17:09:00.459  INFO 22340 --- [restartedMain] c.n.d.provider.DiscoveryJerseyProvider   : Using XML encoding codec XStreamXml
2020-03-25 17:09:00.459  INFO 22340 --- [restartedMain] c.n.d.provider.DiscoveryJerseyProvider   : Using XML decoding codec XStreamXml
2020-03-25 17:09:00.832  INFO 22340 --- [restartedMain] c.n.d.s.r.aws.ConfigClusterResolver      : Resolving eureka endpoints via configuration
2020-03-25 17:09:01.805  INFO 22340 --- [restartedMain] com.netflix.discovery.DiscoveryClient    : Disable delta property : false
2020-03-25 17:09:01.805  INFO 22340 --- [restartedMain] com.netflix.discovery.DiscoveryClient    : Single vip registry refresh property : null
2020-03-25 17:09:01.805  INFO 22340 --- [restartedMain] com.netflix.discovery.DiscoveryClient    : Force full registry fetch : false
2020-03-25 17:09:01.805  INFO 22340 --- [restartedMain] com.netflix.discovery.DiscoveryClient    : Application is null : false
2020-03-25 17:09:01.806  INFO 22340 --- [restartedMain] com.netflix.discovery.DiscoveryClient    : Registered Applications size is zero : true
2020-03-25 17:09:01.806  INFO 22340 --- [restartedMain] com.netflix.discovery.DiscoveryClient    : Application version is -1: true
2020-03-25 17:09:01.806  INFO 22340 --- [restartedMain] com.netflix.discovery.DiscoveryClient    : Getting all instance registry info from the eureka server
2020-03-25 17:09:02.040  INFO 22340 --- [restartedMain] com.netflix.discovery.DiscoveryClient    : The response status is 200
2020-03-25 17:09:02.044  INFO 22340 --- [restartedMain] com.netflix.discovery.DiscoveryClient    : Starting heartbeat executor: renew interval is: 30
2020-03-25 17:09:02.049  INFO 22340 --- [restartedMain] c.n.discovery.InstanceInfoReplicator     : InstanceInfoReplicator onDemand update allowed rate per min is 4
2020-03-25 17:09:02.055  INFO 22340 --- [restartedMain] com.netflix.discovery.DiscoveryClient    : Discovery Client initialized at timestamp 1585148942053 with initial instances count: 3
2020-03-25 17:09:02.057  INFO 22340 --- [restartedMain] o.s.c.n.e.s.EurekaServiceRegistry        : Registering application ALBUMS-WS with eureka with status UP
2020-03-25 17:09:02.058  INFO 22340 --- [restartedMain] com.netflix.discovery.DiscoveryClient    : Saw local status change event StatusChangeEvent [timestamp=1585148942058, current=UP, previous=STARTING]
2020-03-25 17:09:02.062  INFO 22340 --- [DiscoveryClient-InstanceInfoReplicator-0] com.netflix.discovery.DiscoveryClient    : DiscoveryClient_ALBUMS-WS/albums-ws:88726f4a2c57548537280e25f2d475a6: registering service...
2020-03-25 17:09:02.071  INFO 22340 --- [restartedMain] c.a.p.a.a.PhotoAppApiAlbumsApplication   : Started PhotoAppApiAlbumsApplication in 18.276 seconds (JVM running for 19.019)
2020-03-25 17:09:02.131  INFO 22340 --- [DiscoveryClient-InstanceInfoReplicator-0] com.netflix.discovery.DiscoveryClient    : DiscoveryClient_ALBUMS-WS/albums-ws:88726f4a2c57548537280e25f2d475a6 - registration status: 204
2020-03-25 17:14:01.815  INFO 22340 --- [AsyncResolver-bootstrap-executor-0] c.n.d.s.r.aws.ConfigClusterResolver      : Resolving eureka endpoints via configuration
2020-03-25 17:18:52.935  INFO 22200 --- [restartedMain] c.c.c.ConfigServicePropertySourceLocator : Fetching config from server at : http://localhost:8888
2020-03-25 17:18:55.108  INFO 22200 --- [restartedMain] c.c.c.ConfigServicePropertySourceLocator : Connect Timeout Exception on Url - http://localhost:8888. Will be trying the next url if available
2020-03-25 17:18:55.110  WARN 22200 --- [restartedMain] c.c.c.ConfigServicePropertySourceLocator : Could not locate PropertySource: I/O error on GET request for "http://localhost:8888/albums-ws/default": Connection refused: connect; nested exception is java.net.ConnectException: Connection refused: connect
2020-03-25 17:18:55.124  INFO 22200 --- [restartedMain] c.a.p.a.a.PhotoAppApiAlbumsApplication   : No active profile set, falling back to default profiles: default
2020-03-25 17:18:56.403  WARN 22200 --- [restartedMain] o.s.boot.actuate.endpoint.EndpointId     : Endpoint ID 'service-registry' contains invalid characters, please migrate to a valid format.
2020-03-25 17:18:56.694  INFO 22200 --- [restartedMain] o.s.cloud.context.scope.GenericScope     : BeanFactory id=14f2c84d-4279-34f4-b730-1deb2e858fae
2020-03-25 17:18:56.890  INFO 22200 --- [restartedMain] trationDelegate$BeanPostProcessorChecker : Bean 'org.springframework.cloud.autoconfigure.ConfigurationPropertiesRebinderAutoConfiguration' of type [org.springframework.cloud.autoconfigure.ConfigurationPropertiesRebinderAutoConfiguration$$EnhancerBySpringCGLIB$$b9166eab] is not eligible for getting processed by all BeanPostProcessors (for example: not eligible for auto-proxying)
2020-03-25 17:18:58.245  INFO 22200 --- [restartedMain] o.s.b.w.embedded.tomcat.TomcatWebServer  : Tomcat initialized with port(s): 0 (http)
2020-03-25 17:18:58.280  INFO 22200 --- [restartedMain] o.apache.catalina.core.StandardService   : Starting service [Tomcat]
2020-03-25 17:18:58.281  INFO 22200 --- [restartedMain] org.apache.catalina.core.StandardEngine  : Starting Servlet engine: [Apache Tomcat/9.0.14]
2020-03-25 17:18:58.295  INFO 22200 --- [restartedMain] o.a.catalina.core.AprLifecycleListener   : The APR based Apache Tomcat Native library which allows optimal performance in production environments was not found on the java.library.path: [C:\Program Files\Java\jdk1.8.0_221\bin;C:\WINDOWS\Sun\Java\bin;C:\WINDOWS\system32;C:\WINDOWS;C:/Program Files/Java/jre1.8.0_231/bin/server;C:/Program Files/Java/jre1.8.0_231/bin;C:/Program Files/Java/jre1.8.0_231/lib/amd64;C:\ProgramData\DockerDesktop\version-bin;C:\Program Files\Docker\Docker\Resources\bin;C:\Program Files (x86)\Common Files\Oracle\Java\javapath;C:\WINDOWS\system32;C:\WINDOWS;C:\WINDOWS\System32\Wbem;C:\WINDOWS\System32\WindowsPowerShell\v1.0\;C:\WINDOWS\System32\OpenSSH\;C:\Program Files\nodejs\;C:\Program Files\Git\cmd;C:\Program Files\PuTTY\;C:\Program Files\Cloud Foundry;C:\xampp\php;C:\ProgramData\ComposerSetup\bin;c:\dev\anypoint;C:\Program Files\Java\jdk-11.0.3\bin;C:\Users\Luba\AppData\Local\Microsoft\WindowsApps;C:\Users\Luba\AppData\Roaming\npm;C:\Users\Luba\AppData\Local\Programs\Microsoft VS Code\bin;C:\Users\Luba\AppData\Local\atom\bin;C:\Users\Luba\AppData\Roaming\Composer\vendor\bin;C:\Users\Luba\Desktop;;.]
2020-03-25 17:18:58.482  INFO 22200 --- [restartedMain] o.a.c.c.C.[Tomcat].[localhost].[/]       : Initializing Spring embedded WebApplicationContext
2020-03-25 17:18:58.482  INFO 22200 --- [restartedMain] o.s.web.context.ContextLoader            : Root WebApplicationContext: initialization completed in 3325 ms
2020-03-25 17:18:58.624  WARN 22200 --- [restartedMain] c.n.c.sources.URLConfigurationSource     : No URLs will be polled as dynamic configuration sources.
2020-03-25 17:18:58.624  INFO 22200 --- [restartedMain] c.n.c.sources.URLConfigurationSource     : To enable URLs as dynamic configuration sources, define System property archaius.configurationSource.additionalUrls or make config.properties available on classpath.
2020-03-25 17:18:58.642  INFO 22200 --- [restartedMain] c.netflix.config.DynamicPropertyFactory  : DynamicPropertyFactory is initialized with configuration sources: com.netflix.config.ConcurrentCompositeConfiguration@2287ab84
2020-03-25 17:18:59.910  WARN 22200 --- [restartedMain] c.n.c.sources.URLConfigurationSource     : No URLs will be polled as dynamic configuration sources.
2020-03-25 17:18:59.911  INFO 22200 --- [restartedMain] c.n.c.sources.URLConfigurationSource     : To enable URLs as dynamic configuration sources, define System property archaius.configurationSource.additionalUrls or make config.properties available on classpath.
2020-03-25 17:19:00.165  INFO 22200 --- [restartedMain] o.s.s.concurrent.ThreadPoolTaskExecutor  : Initializing ExecutorService 'applicationTaskExecutor'
2020-03-25 17:19:00.776  WARN 22200 --- [restartedMain] o.s.b.d.a.OptionalLiveReloadServer       : Unable to start LiveReload server
2020-03-25 17:19:01.779  INFO 22200 --- [restartedMain] o.s.b.a.e.web.EndpointLinksResolver      : Exposing 2 endpoint(s) beneath base path '/actuator'
2020-03-25 17:19:01.953  INFO 22200 --- [restartedMain] o.s.b.w.embedded.tomcat.TomcatWebServer  : Tomcat started on port(s): 56186 (http) with context path ''
2020-03-25 17:19:01.954  INFO 22200 --- [restartedMain] .s.c.n.e.s.EurekaAutoServiceRegistration : Updating port to 56186
2020-03-25 17:19:01.965  INFO 22200 --- [restartedMain] o.s.c.n.eureka.InstanceInfoFactory       : Setting initial instance status as: STARTING
2020-03-25 17:19:02.043  INFO 22200 --- [restartedMain] com.netflix.discovery.DiscoveryClient    : Initializing Eureka in region us-east-1
2020-03-25 17:19:02.863  INFO 22200 --- [restartedMain] c.n.d.provider.DiscoveryJerseyProvider   : Using JSON encoding codec LegacyJacksonJson
2020-03-25 17:19:02.863  INFO 22200 --- [restartedMain] c.n.d.provider.DiscoveryJerseyProvider   : Using JSON decoding codec LegacyJacksonJson
2020-03-25 17:19:03.070  INFO 22200 --- [restartedMain] c.n.d.provider.DiscoveryJerseyProvider   : Using XML encoding codec XStreamXml
2020-03-25 17:19:03.070  INFO 22200 --- [restartedMain] c.n.d.provider.DiscoveryJerseyProvider   : Using XML decoding codec XStreamXml
2020-03-25 17:19:03.304  INFO 22200 --- [restartedMain] c.n.d.s.r.aws.ConfigClusterResolver      : Resolving eureka endpoints via configuration
2020-03-25 17:19:03.957  INFO 22200 --- [restartedMain] com.netflix.discovery.DiscoveryClient    : Disable delta property : false
2020-03-25 17:19:03.957  INFO 22200 --- [restartedMain] com.netflix.discovery.DiscoveryClient    : Single vip registry refresh property : null
2020-03-25 17:19:03.957  INFO 22200 --- [restartedMain] com.netflix.discovery.DiscoveryClient    : Force full registry fetch : false
2020-03-25 17:19:03.957  INFO 22200 --- [restartedMain] com.netflix.discovery.DiscoveryClient    : Application is null : false
2020-03-25 17:19:03.958  INFO 22200 --- [restartedMain] com.netflix.discovery.DiscoveryClient    : Registered Applications size is zero : true
2020-03-25 17:19:03.958  INFO 22200 --- [restartedMain] com.netflix.discovery.DiscoveryClient    : Application version is -1: true
2020-03-25 17:19:03.958  INFO 22200 --- [restartedMain] com.netflix.discovery.DiscoveryClient    : Getting all instance registry info from the eureka server
2020-03-25 17:19:04.154  INFO 22200 --- [restartedMain] com.netflix.discovery.DiscoveryClient    : The response status is 200
2020-03-25 17:19:04.158  INFO 22200 --- [restartedMain] com.netflix.discovery.DiscoveryClient    : Starting heartbeat executor: renew interval is: 30
2020-03-25 17:19:04.163  INFO 22200 --- [restartedMain] c.n.discovery.InstanceInfoReplicator     : InstanceInfoReplicator onDemand update allowed rate per min is 4
2020-03-25 17:19:04.169  INFO 22200 --- [restartedMain] com.netflix.discovery.DiscoveryClient    : Discovery Client initialized at timestamp 1585149544167 with initial instances count: 1
2020-03-25 17:19:04.170  INFO 22200 --- [restartedMain] o.s.c.n.e.s.EurekaServiceRegistry        : Registering application ALBUMS-WS with eureka with status UP
2020-03-25 17:19:04.171  INFO 22200 --- [restartedMain] com.netflix.discovery.DiscoveryClient    : Saw local status change event StatusChangeEvent [timestamp=1585149544171, current=UP, previous=STARTING]
2020-03-25 17:19:04.174  INFO 22200 --- [DiscoveryClient-InstanceInfoReplicator-0] com.netflix.discovery.DiscoveryClient    : DiscoveryClient_ALBUMS-WS/albums-ws:7bf73d536d50008d15e6f3cdf47c6257: registering service...
2020-03-25 17:19:04.178  INFO 22200 --- [restartedMain] c.a.p.a.a.PhotoAppApiAlbumsApplication   : Started PhotoAppApiAlbumsApplication in 14.096 seconds (JVM running for 14.815)
2020-03-25 17:19:04.228  INFO 22200 --- [DiscoveryClient-InstanceInfoReplicator-0] com.netflix.discovery.DiscoveryClient    : DiscoveryClient_ALBUMS-WS/albums-ws:7bf73d536d50008d15e6f3cdf47c6257 - registration status: 204
2020-03-25 17:24:03.999  INFO 22200 --- [AsyncResolver-bootstrap-executor-0] c.n.d.s.r.aws.ConfigClusterResolver      : Resolving eureka endpoints via configuration
2020-03-25 17:29:04.048  INFO 22200 --- [AsyncResolver-bootstrap-executor-0] c.n.d.s.r.aws.ConfigClusterResolver      : Resolving eureka endpoints via configuration
2020-03-25 17:34:04.068  INFO 22200 --- [AsyncResolver-bootstrap-executor-0] c.n.d.s.r.aws.ConfigClusterResolver      : Resolving eureka endpoints via configuration
2020-03-25 17:35:07.175  INFO 22200 --- [http-nio-auto-1-exec-1] o.a.c.c.C.[Tomcat].[localhost].[/]       : Initializing Spring DispatcherServlet 'dispatcherServlet'
2020-03-25 17:35:07.178  INFO 22200 --- [http-nio-auto-1-exec-1] o.s.web.servlet.DispatcherServlet        : Initializing Servlet 'dispatcherServlet'
2020-03-25 17:35:07.331  INFO 22200 --- [http-nio-auto-1-exec-1] o.s.web.servlet.DispatcherServlet        : Completed initialization in 152 ms
2020-03-25 17:35:07.732  INFO 22200 --- [http-nio-auto-1-exec-1] c.a.p.a.a.i.c.AlbumsController           : Returning 2 albums
2020-03-25 17:35:10.279  INFO 22200 --- [http-nio-auto-1-exec-2] c.a.p.a.a.i.c.AlbumsController           : Returning 2 albums
2020-03-25 17:35:11.830  INFO 22200 --- [http-nio-auto-1-exec-3] c.a.p.a.a.i.c.AlbumsController           : Returning 2 albums
2020-03-25 17:39:04.071  INFO 22200 --- [AsyncResolver-bootstrap-executor-0] c.n.d.s.r.aws.ConfigClusterResolver      : Resolving eureka endpoints via configuration
2020-03-25 17:44:04.088  INFO 22200 --- [AsyncResolver-bootstrap-executor-0] c.n.d.s.r.aws.ConfigClusterResolver      : Resolving eureka endpoints via configuration
2020-03-25 17:49:04.154  INFO 22200 --- [AsyncResolver-bootstrap-executor-0] c.n.d.s.r.aws.ConfigClusterResolver      : Resolving eureka endpoints via configuration
2020-03-25 17:54:04.212  INFO 22200 --- [AsyncResolver-bootstrap-executor-0] c.n.d.s.r.aws.ConfigClusterResolver      : Resolving eureka endpoints via configuration
2020-03-25 17:59:04.294  INFO 22200 --- [AsyncResolver-bootstrap-executor-0] c.n.d.s.r.aws.ConfigClusterResolver      : Resolving eureka endpoints via configuration
2020-03-25 17:59:22.851  INFO 22200 --- [Thread-1] o.s.c.n.e.s.EurekaServiceRegistry        : Unregistering application ALBUMS-WS with eureka with status DOWN
2020-03-25 17:59:22.856  WARN 22200 --- [Thread-1] com.netflix.discovery.DiscoveryClient    : Saw local status change event StatusChangeEvent [timestamp=1585151962854, current=DOWN, previous=UP]
2020-03-25 17:59:22.858  INFO 22200 --- [DiscoveryClient-InstanceInfoReplicator-0] com.netflix.discovery.DiscoveryClient    : DiscoveryClient_ALBUMS-WS/albums-ws:7bf73d536d50008d15e6f3cdf47c6257: registering service...
2020-03-25 17:59:22.882  INFO 22200 --- [DiscoveryClient-InstanceInfoReplicator-0] com.netflix.discovery.DiscoveryClient    : DiscoveryClient_ALBUMS-WS/albums-ws:7bf73d536d50008d15e6f3cdf47c6257 - registration status: 204
2020-03-25 17:59:22.977  INFO 22200 --- [Thread-1] o.s.s.concurrent.ThreadPoolTaskExecutor  : Shutting down ExecutorService 'applicationTaskExecutor'
2020-03-25 17:59:23.071  INFO 22200 --- [Thread-1] com.netflix.discovery.DiscoveryClient    : Shutting down DiscoveryClient ...
2020-03-25 17:59:26.076  INFO 22200 --- [Thread-1] com.netflix.discovery.DiscoveryClient    : Unregistering ...
2020-03-25 17:59:26.099  INFO 22200 --- [Thread-1] com.netflix.discovery.DiscoveryClient    : DiscoveryClient_ALBUMS-WS/albums-ws:7bf73d536d50008d15e6f3cdf47c6257 - deregister  status: 200
2020-03-25 17:59:26.138  INFO 22200 --- [Thread-1] com.netflix.discovery.DiscoveryClient    : Completed shut down of DiscoveryClient
2020-03-25 17:59:34.734  INFO 22200 --- [restartedMain] c.c.c.ConfigServicePropertySourceLocator : Fetching config from server at : http://localhost:8888
2020-03-25 17:59:36.763  INFO 22200 --- [restartedMain] c.c.c.ConfigServicePropertySourceLocator : Connect Timeout Exception on Url - http://localhost:8888. Will be trying the next url if available
2020-03-25 17:59:36.765  WARN 22200 --- [restartedMain] c.c.c.ConfigServicePropertySourceLocator : Could not locate PropertySource: I/O error on GET request for "http://localhost:8888/albums-ws/default": Connection refused: connect; nested exception is java.net.ConnectException: Connection refused: connect
2020-03-25 17:59:36.769  INFO 22200 --- [restartedMain] c.a.p.a.a.PhotoAppApiAlbumsApplication   : No active profile set, falling back to default profiles: default
2020-03-25 17:59:38.853  INFO 22200 --- [restartedMain] o.s.cloud.context.scope.GenericScope     : BeanFactory id=14f2c84d-4279-34f4-b730-1deb2e858fae
2020-03-25 17:59:38.951  INFO 22200 --- [restartedMain] trationDelegate$BeanPostProcessorChecker : Bean 'org.springframework.cloud.autoconfigure.ConfigurationPropertiesRebinderAutoConfiguration' of type [org.springframework.cloud.autoconfigure.ConfigurationPropertiesRebinderAutoConfiguration$$EnhancerBySpringCGLIB$$b9166eab] is not eligible for getting processed by all BeanPostProcessors (for example: not eligible for auto-proxying)
2020-03-25 17:59:39.874  INFO 22200 --- [restartedMain] o.s.b.w.embedded.tomcat.TomcatWebServer  : Tomcat initialized with port(s): 8089 (http)
2020-03-25 17:59:39.885  INFO 22200 --- [restartedMain] o.apache.catalina.core.StandardService   : Starting service [Tomcat]
2020-03-25 17:59:39.887  INFO 22200 --- [restartedMain] org.apache.catalina.core.StandardEngine  : Starting Servlet engine: [Apache Tomcat/9.0.14]
2020-03-25 17:59:40.007  INFO 22200 --- [restartedMain] o.a.c.c.C.[Tomcat].[localhost].[/]       : Initializing Spring embedded WebApplicationContext
2020-03-25 17:59:40.008  INFO 22200 --- [restartedMain] o.s.web.context.ContextLoader            : Root WebApplicationContext: initialization completed in 3229 ms
2020-03-25 17:59:44.515  WARN 22200 --- [restartedMain] c.n.c.sources.URLConfigurationSource     : No URLs will be polled as dynamic configuration sources.
2020-03-25 17:59:44.516  INFO 22200 --- [restartedMain] c.n.c.sources.URLConfigurationSource     : To enable URLs as dynamic configuration sources, define System property archaius.configurationSource.additionalUrls or make config.properties available on classpath.
2020-03-25 17:59:47.982  INFO 22200 --- [restartedMain] o.s.s.concurrent.ThreadPoolTaskExecutor  : Initializing ExecutorService 'applicationTaskExecutor'
2020-03-25 17:59:48.668  WARN 22200 --- [restartedMain] o.s.b.d.a.OptionalLiveReloadServer       : Unable to start LiveReload server
2020-03-25 17:59:53.305  INFO 22200 --- [restartedMain] o.s.b.a.e.web.EndpointLinksResolver      : Exposing 2 endpoint(s) beneath base path '/actuator'
2020-03-25 17:59:53.525  INFO 22200 --- [restartedMain] o.s.c.n.eureka.InstanceInfoFactory       : Setting initial instance status as: STARTING
2020-03-25 17:59:53.553  INFO 22200 --- [restartedMain] com.netflix.discovery.DiscoveryClient    : Initializing Eureka in region us-east-1
2020-03-25 17:59:53.571  INFO 22200 --- [restartedMain] c.n.d.provider.DiscoveryJerseyProvider   : Using JSON encoding codec LegacyJacksonJson
2020-03-25 17:59:53.572  INFO 22200 --- [restartedMain] c.n.d.provider.DiscoveryJerseyProvider   : Using JSON decoding codec LegacyJacksonJson
2020-03-25 17:59:53.574  INFO 22200 --- [restartedMain] c.n.d.provider.DiscoveryJerseyProvider   : Using XML encoding codec XStreamXml
2020-03-25 17:59:53.574  INFO 22200 --- [restartedMain] c.n.d.provider.DiscoveryJerseyProvider   : Using XML decoding codec XStreamXml
2020-03-25 17:59:54.225  INFO 22200 --- [restartedMain] c.n.d.s.r.aws.ConfigClusterResolver      : Resolving eureka endpoints via configuration
2020-03-25 17:59:54.298  INFO 22200 --- [restartedMain] com.netflix.discovery.DiscoveryClient    : Disable delta property : false
2020-03-25 17:59:54.299  INFO 22200 --- [restartedMain] com.netflix.discovery.DiscoveryClient    : Single vip registry refresh property : null
2020-03-25 17:59:54.300  INFO 22200 --- [restartedMain] com.netflix.discovery.DiscoveryClient    : Force full registry fetch : false
2020-03-25 17:59:54.300  INFO 22200 --- [restartedMain] com.netflix.discovery.DiscoveryClient    : Application is null : false
2020-03-25 17:59:54.301  INFO 22200 --- [restartedMain] com.netflix.discovery.DiscoveryClient    : Registered Applications size is zero : true
2020-03-25 17:59:54.302  INFO 22200 --- [restartedMain] com.netflix.discovery.DiscoveryClient    : Application version is -1: true
2020-03-25 17:59:54.302  INFO 22200 --- [restartedMain] com.netflix.discovery.DiscoveryClient    : Getting all instance registry info from the eureka server
2020-03-25 17:59:54.335  INFO 22200 --- [restartedMain] com.netflix.discovery.DiscoveryClient    : The response status is 200
2020-03-25 17:59:54.340  INFO 22200 --- [restartedMain] com.netflix.discovery.DiscoveryClient    : Starting heartbeat executor: renew interval is: 30
2020-03-25 17:59:54.343  INFO 22200 --- [restartedMain] c.n.discovery.InstanceInfoReplicator     : InstanceInfoReplicator onDemand update allowed rate per min is 4
2020-03-25 17:59:54.351  INFO 22200 --- [restartedMain] com.netflix.discovery.DiscoveryClient    : Discovery Client initialized at timestamp 1585151994350 with initial instances count: 2
2020-03-25 17:59:54.354  INFO 22200 --- [restartedMain] o.s.c.n.e.s.EurekaServiceRegistry        : Registering application ALBUMS-WS with eureka with status UP
2020-03-25 17:59:54.354  INFO 22200 --- [restartedMain] com.netflix.discovery.DiscoveryClient    : Saw local status change event StatusChangeEvent [timestamp=1585151994354, current=UP, previous=STARTING]
2020-03-25 17:59:54.391  INFO 22200 --- [DiscoveryClient-InstanceInfoReplicator-0] com.netflix.discovery.DiscoveryClient    : DiscoveryClient_ALBUMS-WS/albums-ws:20beae6be2d4f3e3dca8310933b19622: registering service...
2020-03-25 17:59:54.435  INFO 22200 --- [restartedMain] o.s.b.w.embedded.tomcat.TomcatWebServer  : Tomcat started on port(s): 8089 (http) with context path ''
2020-03-25 17:59:54.468  INFO 22200 --- [DiscoveryClient-InstanceInfoReplicator-0] com.netflix.discovery.DiscoveryClient    : DiscoveryClient_ALBUMS-WS/albums-ws:20beae6be2d4f3e3dca8310933b19622 - registration status: 204
2020-03-25 17:59:54.463  INFO 22200 --- [restartedMain] .s.c.n.e.s.EurekaAutoServiceRegistration : Updating port to 8089
2020-03-25 17:59:54.477  INFO 22200 --- [restartedMain] c.a.p.a.a.PhotoAppApiAlbumsApplication   : Started PhotoAppApiAlbumsApplication in 26.835 seconds (JVM running for 2465.114)
2020-03-25 17:59:54.525  INFO 22200 --- [restartedMain] .ConditionEvaluationDeltaLoggingListener : Condition evaluation unchanged
2020-03-25 18:04:54.401  INFO 22200 --- [AsyncResolver-bootstrap-executor-0] c.n.d.s.r.aws.ConfigClusterResolver      : Resolving eureka endpoints via configuration
2020-03-25 18:04:58.539  INFO 22200 --- [http-nio-8089-exec-3] o.a.c.c.C.[Tomcat].[localhost].[/]       : Initializing Spring DispatcherServlet 'dispatcherServlet'
2020-03-25 18:04:58.540  INFO 22200 --- [http-nio-8089-exec-3] o.s.web.servlet.DispatcherServlet        : Initializing Servlet 'dispatcherServlet'
2020-03-25 18:04:58.763  INFO 22200 --- [http-nio-8089-exec-3] o.s.web.servlet.DispatcherServlet        : Completed initialization in 222 ms
2020-03-25 18:04:58.906  INFO 22200 --- [http-nio-8089-exec-3] c.a.p.a.a.i.c.AlbumsController           : Returning 2 albums
2020-03-25 18:07:36.826  INFO 22200 --- [http-nio-8089-exec-7] c.a.p.a.a.i.c.AlbumsController           : Returning 2 albums
2020-03-25 18:07:48.741  INFO 22200 --- [http-nio-8089-exec-1] c.a.p.a.a.i.c.AlbumsController           : Returning 2 albums
2020-03-25 18:08:06.951  INFO 22200 --- [http-nio-8089-exec-5] c.a.p.a.a.i.c.AlbumsController           : Returning 2 albums
2020-03-25 18:08:43.256  INFO 22200 --- [http-nio-8089-exec-10] c.a.p.a.a.i.c.AlbumsController           : Returning 2 albums
2020-03-25 18:09:54.453  INFO 22200 --- [AsyncResolver-bootstrap-executor-0] c.n.d.s.r.aws.ConfigClusterResolver      : Resolving eureka endpoints via configuration
2020-03-25 18:14:54.475  INFO 22200 --- [AsyncResolver-bootstrap-executor-0] c.n.d.s.r.aws.ConfigClusterResolver      : Resolving eureka endpoints via configuration
2020-03-25 18:16:08.877  INFO 22200 --- [http-nio-8089-exec-4] c.a.p.a.a.i.c.AlbumsController           : Returning 2 albums
2020-03-25 18:16:11.538  INFO 22200 --- [http-nio-8089-exec-8] c.a.p.a.a.i.c.AlbumsController           : Returning 2 albums
2020-03-25 18:19:54.515  INFO 22200 --- [AsyncResolver-bootstrap-executor-0] c.n.d.s.r.aws.ConfigClusterResolver      : Resolving eureka endpoints via configuration
2020-03-25 18:24:54.521  INFO 22200 --- [AsyncResolver-bootstrap-executor-0] c.n.d.s.r.aws.ConfigClusterResolver      : Resolving eureka endpoints via configuration
2020-03-25 18:29:54.524  INFO 22200 --- [AsyncResolver-bootstrap-executor-0] c.n.d.s.r.aws.ConfigClusterResolver      : Resolving eureka endpoints via configuration
2020-03-25 18:34:54.532  INFO 22200 --- [AsyncResolver-bootstrap-executor-0] c.n.d.s.r.aws.ConfigClusterResolver      : Resolving eureka endpoints via configuration
2020-03-25 18:39:54.536  INFO 22200 --- [AsyncResolver-bootstrap-executor-0] c.n.d.s.r.aws.ConfigClusterResolver      : Resolving eureka endpoints via configuration
2020-03-25 18:44:54.545  INFO 22200 --- [AsyncResolver-bootstrap-executor-0] c.n.d.s.r.aws.ConfigClusterResolver      : Resolving eureka endpoints via configuration
2020-03-25 18:49:54.549  INFO 22200 --- [AsyncResolver-bootstrap-executor-0] c.n.d.s.r.aws.ConfigClusterResolver      : Resolving eureka endpoints via configuration
2020-03-25 18:50:13.779  INFO 22200 --- [http-nio-8089-exec-1] c.a.p.a.a.i.c.AlbumsController           : Returning 2 albums
2020-03-25 18:50:23.265  INFO 22200 --- [http-nio-8089-exec-5] c.a.p.a.a.i.c.AlbumsController           : Returning 2 albums
2020-03-25 18:50:27.904  INFO 22200 --- [http-nio-8089-exec-6] c.a.p.a.a.i.c.AlbumsController           : Returning 2 albums
2020-03-25 18:54:54.552  INFO 22200 --- [AsyncResolver-bootstrap-executor-0] c.n.d.s.r.aws.ConfigClusterResolver      : Resolving eureka endpoints via configuration
2020-03-25 18:59:54.557  INFO 22200 --- [AsyncResolver-bootstrap-executor-0] c.n.d.s.r.aws.ConfigClusterResolver      : Resolving eureka endpoints via configuration
2020-03-25 19:00:47.185  INFO 22200 --- [Thread-13] o.s.c.n.e.s.EurekaServiceRegistry        : Unregistering application ALBUMS-WS with eureka with status DOWN
2020-03-25 19:00:47.202  WARN 22200 --- [Thread-13] com.netflix.discovery.DiscoveryClient    : Saw local status change event StatusChangeEvent [timestamp=1585155647201, current=DOWN, previous=UP]
2020-03-25 19:00:47.216  INFO 22200 --- [DiscoveryClient-InstanceInfoReplicator-0] com.netflix.discovery.DiscoveryClient    : DiscoveryClient_ALBUMS-WS/albums-ws:20beae6be2d4f3e3dca8310933b19622: registering service...
2020-03-25 19:00:47.410  INFO 22200 --- [DiscoveryClient-InstanceInfoReplicator-0] com.netflix.discovery.DiscoveryClient    : DiscoveryClient_ALBUMS-WS/albums-ws:20beae6be2d4f3e3dca8310933b19622 - registration status: 204
2020-03-25 19:00:47.459  INFO 22200 --- [Thread-13] o.s.s.concurrent.ThreadPoolTaskExecutor  : Shutting down ExecutorService 'applicationTaskExecutor'
2020-03-25 19:00:47.592  INFO 22200 --- [Thread-13] com.netflix.discovery.DiscoveryClient    : Shutting down DiscoveryClient ...
2020-03-25 19:00:50.596  INFO 22200 --- [Thread-13] com.netflix.discovery.DiscoveryClient    : Unregistering ...
2020-03-25 19:00:50.621  INFO 22200 --- [Thread-13] com.netflix.discovery.DiscoveryClient    : DiscoveryClient_ALBUMS-WS/albums-ws:20beae6be2d4f3e3dca8310933b19622 - deregister  status: 200
2020-03-25 19:00:50.736  INFO 22200 --- [Thread-13] com.netflix.discovery.DiscoveryClient    : Completed shut down of DiscoveryClient
2020-03-25 19:01:08.692  INFO 22200 --- [restartedMain] c.c.c.ConfigServicePropertySourceLocator : Fetching config from server at : http://localhost:8888
2020-03-25 19:01:11.049  INFO 22200 --- [restartedMain] c.c.c.ConfigServicePropertySourceLocator : Connect Timeout Exception on Url - http://localhost:8888. Will be trying the next url if available
2020-03-25 19:01:11.050  WARN 22200 --- [restartedMain] c.c.c.ConfigServicePropertySourceLocator : Could not locate PropertySource: I/O error on GET request for "http://localhost:8888/albums-ws/default": Connection refused: connect; nested exception is java.net.ConnectException: Connection refused: connect
2020-03-25 19:01:11.053  INFO 22200 --- [restartedMain] c.a.p.a.a.PhotoAppApiAlbumsApplication   : No active profile set, falling back to default profiles: default
2020-03-25 19:01:15.020  INFO 22200 --- [restartedMain] o.s.cloud.context.scope.GenericScope     : BeanFactory id=14f2c84d-4279-34f4-b730-1deb2e858fae
2020-03-25 19:01:15.258  INFO 22200 --- [restartedMain] trationDelegate$BeanPostProcessorChecker : Bean 'org.springframework.cloud.autoconfigure.ConfigurationPropertiesRebinderAutoConfiguration' of type [org.springframework.cloud.autoconfigure.ConfigurationPropertiesRebinderAutoConfiguration$$EnhancerBySpringCGLIB$$b9166eab] is not eligible for getting processed by all BeanPostProcessors (for example: not eligible for auto-proxying)
2020-03-25 19:01:20.802  INFO 22200 --- [restartedMain] o.s.b.w.embedded.tomcat.TomcatWebServer  : Tomcat initialized with port(s): 8089 (http)
2020-03-25 19:01:20.823  INFO 22200 --- [restartedMain] o.apache.catalina.core.StandardService   : Starting service [Tomcat]
2020-03-25 19:01:20.828  INFO 22200 --- [restartedMain] org.apache.catalina.core.StandardEngine  : Starting Servlet engine: [Apache Tomcat/9.0.14]
2020-03-25 19:01:21.230  INFO 22200 --- [restartedMain] o.a.c.c.C.[Tomcat].[localhost].[/]       : Initializing Spring embedded WebApplicationContext
2020-03-25 19:01:21.232  INFO 22200 --- [restartedMain] o.s.web.context.ContextLoader            : Root WebApplicationContext: initialization completed in 10169 ms
2020-03-25 19:01:30.446  WARN 22200 --- [restartedMain] c.n.c.sources.URLConfigurationSource     : No URLs will be polled as dynamic configuration sources.
2020-03-25 19:01:30.448  INFO 22200 --- [restartedMain] c.n.c.sources.URLConfigurationSource     : To enable URLs as dynamic configuration sources, define System property archaius.configurationSource.additionalUrls or make config.properties available on classpath.
2020-03-25 19:01:30.851  INFO 22200 --- [restartedMain] o.s.s.concurrent.ThreadPoolTaskExecutor  : Initializing ExecutorService 'applicationTaskExecutor'
2020-03-25 19:01:33.756  WARN 22200 --- [restartedMain] o.s.b.d.a.OptionalLiveReloadServer       : Unable to start LiveReload server
2020-03-25 19:01:40.168  INFO 22200 --- [restartedMain] o.s.b.a.e.web.EndpointLinksResolver      : Exposing 2 endpoint(s) beneath base path '/actuator'
2020-03-25 19:01:40.456  INFO 22200 --- [restartedMain] o.s.c.n.eureka.InstanceInfoFactory       : Setting initial instance status as: STARTING
2020-03-25 19:01:40.477  INFO 22200 --- [restartedMain] com.netflix.discovery.DiscoveryClient    : Initializing Eureka in region us-east-1
2020-03-25 19:01:40.525  INFO 22200 --- [restartedMain] c.n.d.provider.DiscoveryJerseyProvider   : Using JSON encoding codec LegacyJacksonJson
2020-03-25 19:01:40.526  INFO 22200 --- [restartedMain] c.n.d.provider.DiscoveryJerseyProvider   : Using JSON decoding codec LegacyJacksonJson
2020-03-25 19:01:40.528  INFO 22200 --- [restartedMain] c.n.d.provider.DiscoveryJerseyProvider   : Using XML encoding codec XStreamXml
2020-03-25 19:01:40.529  INFO 22200 --- [restartedMain] c.n.d.provider.DiscoveryJerseyProvider   : Using XML decoding codec XStreamXml
2020-03-25 19:01:43.497  INFO 22200 --- [restartedMain] c.n.d.s.r.aws.ConfigClusterResolver      : Resolving eureka endpoints via configuration
2020-03-25 19:01:43.538  INFO 22200 --- [restartedMain] com.netflix.discovery.DiscoveryClient    : Disable delta property : false
2020-03-25 19:01:43.540  INFO 22200 --- [restartedMain] com.netflix.discovery.DiscoveryClient    : Single vip registry refresh property : null
2020-03-25 19:01:43.540  INFO 22200 --- [restartedMain] com.netflix.discovery.DiscoveryClient    : Force full registry fetch : false
2020-03-25 19:01:43.541  INFO 22200 --- [restartedMain] com.netflix.discovery.DiscoveryClient    : Application is null : false
2020-03-25 19:01:43.541  INFO 22200 --- [restartedMain] com.netflix.discovery.DiscoveryClient    : Registered Applications size is zero : true
2020-03-25 19:01:43.542  INFO 22200 --- [restartedMain] com.netflix.discovery.DiscoveryClient    : Application version is -1: true
2020-03-25 19:01:43.542  INFO 22200 --- [restartedMain] com.netflix.discovery.DiscoveryClient    : Getting all instance registry info from the eureka server
2020-03-25 19:01:43.641  INFO 22200 --- [restartedMain] com.netflix.discovery.DiscoveryClient    : The response status is 200
2020-03-25 19:01:43.649  INFO 22200 --- [restartedMain] com.netflix.discovery.DiscoveryClient    : Starting heartbeat executor: renew interval is: 30
2020-03-25 19:01:43.657  INFO 22200 --- [restartedMain] c.n.discovery.InstanceInfoReplicator     : InstanceInfoReplicator onDemand update allowed rate per min is 4
2020-03-25 19:01:43.672  INFO 22200 --- [restartedMain] com.netflix.discovery.DiscoveryClient    : Discovery Client initialized at timestamp 1585155703672 with initial instances count: 2
2020-03-25 19:01:43.678  INFO 22200 --- [restartedMain] o.s.c.n.e.s.EurekaServiceRegistry        : Registering application ALBUMS-WS with eureka with status UP
2020-03-25 19:01:43.692  INFO 22200 --- [restartedMain] com.netflix.discovery.DiscoveryClient    : Saw local status change event StatusChangeEvent [timestamp=1585155703692, current=UP, previous=STARTING]
2020-03-25 19:01:43.713  INFO 22200 --- [DiscoveryClient-InstanceInfoReplicator-0] com.netflix.discovery.DiscoveryClient    : DiscoveryClient_ALBUMS-WS/albums-ws:3fdf1ab2b5fffe3ab7f46e1184b9f08c: registering service...
2020-03-25 19:01:43.812  INFO 22200 --- [DiscoveryClient-InstanceInfoReplicator-0] com.netflix.discovery.DiscoveryClient    : DiscoveryClient_ALBUMS-WS/albums-ws:3fdf1ab2b5fffe3ab7f46e1184b9f08c - registration status: 204
2020-03-25 19:01:44.074  INFO 22200 --- [restartedMain] o.s.b.w.embedded.tomcat.TomcatWebServer  : Tomcat started on port(s): 8089 (http) with context path ''
2020-03-25 19:01:44.077  INFO 22200 --- [restartedMain] .s.c.n.e.s.EurekaAutoServiceRegistration : Updating port to 8089
2020-03-25 19:01:44.153  INFO 22200 --- [restartedMain] c.a.p.a.a.PhotoAppApiAlbumsApplication   : Started PhotoAppApiAlbumsApplication in 48.746 seconds (JVM running for 6174.79)
2020-03-25 19:01:44.599  INFO 22200 --- [restartedMain] .ConditionEvaluationDeltaLoggingListener : Condition evaluation unchanged
2020-03-25 19:06:43.592  INFO 22200 --- [AsyncResolver-bootstrap-executor-0] c.n.d.s.r.aws.ConfigClusterResolver      : Resolving eureka endpoints via configuration
2020-03-25 19:11:43.661  INFO 22200 --- [AsyncResolver-bootstrap-executor-0] c.n.d.s.r.aws.ConfigClusterResolver      : Resolving eureka endpoints via configuration
2020-03-25 19:16:43.667  INFO 22200 --- [AsyncResolver-bootstrap-executor-0] c.n.d.s.r.aws.ConfigClusterResolver      : Resolving eureka endpoints via configuration
2020-03-25 19:21:43.673  INFO 22200 --- [AsyncResolver-bootstrap-executor-0] c.n.d.s.r.aws.ConfigClusterResolver      : Resolving eureka endpoints via configuration
2020-03-25 19:26:43.704  INFO 22200 --- [AsyncResolver-bootstrap-executor-0] c.n.d.s.r.aws.ConfigClusterResolver      : Resolving eureka endpoints via configuration
2020-03-25 19:29:27.015  INFO 22200 --- [http-nio-8089-exec-2] o.a.c.c.C.[Tomcat].[localhost].[/]       : Initializing Spring DispatcherServlet 'dispatcherServlet'
2020-03-25 19:29:27.019  INFO 22200 --- [http-nio-8089-exec-2] o.s.web.servlet.DispatcherServlet        : Initializing Servlet 'dispatcherServlet'
2020-03-25 19:29:27.370  INFO 22200 --- [http-nio-8089-exec-2] o.s.web.servlet.DispatcherServlet        : Completed initialization in 350 ms
2020-03-25 19:29:27.579  INFO 22200 --- [http-nio-8089-exec-2] c.a.p.a.a.i.c.AlbumsController           : Returning 2 albums
2020-03-25 19:29:32.055  INFO 22200 --- [http-nio-8089-exec-3] c.a.p.a.a.i.c.AlbumsController           : Returning 2 albums
2020-03-25 19:31:43.706  INFO 22200 --- [AsyncResolver-bootstrap-executor-0] c.n.d.s.r.aws.ConfigClusterResolver      : Resolving eureka endpoints via configuration
2020-03-25 19:36:43.732  INFO 22200 --- [AsyncResolver-bootstrap-executor-0] c.n.d.s.r.aws.ConfigClusterResolver      : Resolving eureka endpoints via configuration
2020-03-25 19:41:43.734  INFO 22200 --- [AsyncResolver-bootstrap-executor-0] c.n.d.s.r.aws.ConfigClusterResolver      : Resolving eureka endpoints via configuration
2020-03-25 19:41:50.969  INFO 22200 --- [http-nio-8089-exec-7] c.a.p.a.a.i.c.AlbumsController           : Returning 2 albums
2020-03-25 19:46:43.738  INFO 22200 --- [AsyncResolver-bootstrap-executor-0] c.n.d.s.r.aws.ConfigClusterResolver      : Resolving eureka endpoints via configuration
2020-03-25 19:51:43.762  INFO 22200 --- [AsyncResolver-bootstrap-executor-0] c.n.d.s.r.aws.ConfigClusterResolver      : Resolving eureka endpoints via configuration
